Requirement already up-to-date: keras_applications==1.0.6 in ./anaconda3/envs/TensorFlow-1.13.1/lib/python3.6/site-packages
Requirement already up-to-date: keras==2.2.4 in ./anaconda3/envs/TensorFlow-1.13.1/lib/python3.6/site-packages
Requirement already up-to-date: numpy>=1.9.1 in ./anaconda3/envs/TensorFlow-1.13.1/lib/python3.6/site-packages (from keras_applications==1.0.6)
Requirement already up-to-date: h5py in ./anaconda3/envs/TensorFlow-1.13.1/lib/python3.6/site-packages (from keras_applications==1.0.6)
Requirement already up-to-date: six>=1.9.0 in ./anaconda3/envs/TensorFlow-1.13.1/lib/python3.6/site-packages (from keras==2.2.4)
Requirement already up-to-date: keras-preprocessing>=1.0.5 in ./anaconda3/envs/TensorFlow-1.13.1/lib/python3.6/site-packages (from keras==2.2.4)
Requirement already up-to-date: pyyaml in ./anaconda3/envs/TensorFlow-1.13.1/lib/python3.6/site-packages (from keras==2.2.4)
Requirement already up-to-date: scipy>=0.14 in ./anaconda3/envs/TensorFlow-1.13.1/lib/python3.6/site-packages (from keras==2.2.4)
You are using pip version 9.0.1, however version 19.2.2 is available.
You should consider upgrading via the 'pip install --upgrade pip' command.
Using TensorFlow backend.
/home/ma-user/anaconda3/envs/TensorFlow-1.13.1/lib/python3.6/site-packages/tensorflow/python/framework/dtypes.py:526: FutureWarning: Passing (type, 1) or '1type' as a synonym of type is deprecated; in a future version of numpy, it will be understood as (type, (1,)) / '(1,)type'.
  _np_qint8 = np.dtype([("qint8", np.int8, 1)])
/home/ma-user/anaconda3/envs/TensorFlow-1.13.1/lib/python3.6/site-packages/tensorflow/python/framework/dtypes.py:527: FutureWarning: Passing (type, 1) or '1type' as a synonym of type is deprecated; in a future version of numpy, it will be understood as (type, (1,)) / '(1,)type'.
  _np_quint8 = np.dtype([("quint8", np.uint8, 1)])
/home/ma-user/anaconda3/envs/TensorFlow-1.13.1/lib/python3.6/site-packages/tensorflow/python/framework/dtypes.py:528: FutureWarning: Passing (type, 1) or '1type' as a synonym of type is deprecated; in a future version of numpy, it will be understood as (type, (1,)) / '(1,)type'.
  _np_qint16 = np.dtype([("qint16", np.int16, 1)])
/home/ma-user/anaconda3/envs/TensorFlow-1.13.1/lib/python3.6/site-packages/tensorflow/python/framework/dtypes.py:529: FutureWarning: Passing (type, 1) or '1type' as a synonym of type is deprecated; in a future version of numpy, it will be understood as (type, (1,)) / '(1,)type'.
  _np_quint16 = np.dtype([("quint16", np.uint16, 1)])
/home/ma-user/anaconda3/envs/TensorFlow-1.13.1/lib/python3.6/site-packages/tensorflow/python/framework/dtypes.py:530: FutureWarning: Passing (type, 1) or '1type' as a synonym of type is deprecated; in a future version of numpy, it will be understood as (type, (1,)) / '(1,)type'.
  _np_qint32 = np.dtype([("qint32", np.int32, 1)])
/home/ma-user/anaconda3/envs/TensorFlow-1.13.1/lib/python3.6/site-packages/tensorflow/python/framework/dtypes.py:535: FutureWarning: Passing (type, 1) or '1type' as a synonym of type is deprecated; in a future version of numpy, it will be understood as (type, (1,)) / '(1,)type'.
  np_resource = np.dtype([("resource", np.ubyte, 1)])
WARNING:tensorflow:From /home/ma-user/anaconda3/envs/TensorFlow-1.13.1/lib/python3.6/site-packages/tensorflow/python/framework/op_def_library.py:263: colocate_with (from tensorflow.python.framework.ops) is deprecated and will be removed in a future version.
Instructions for updating:
Colocations handled automatically by placer.
2.py:105: UserWarning: Update your `Model` call to the Keras 2 API: `Model(inputs=Tensor("in..., outputs=Tensor("de...)`
  model = Model(input=base_model.input, output=output)
WARNING:tensorflow:From /home/ma-user/anaconda3/envs/TensorFlow-1.13.1/lib/python3.6/site-packages/tensorflow/python/ops/math_ops.py:3066: to_int32 (from tensorflow.python.ops.math_ops) is deprecated and will be removed in a future version.
Instructions for updating:
Use tf.cast instead.
2019-08-14 00:46:50.859264: I tensorflow/core/platform/cpu_feature_guard.cc:141] Your CPU supports instructions that this TensorFlow binary was not compiled to use: AVX2 FMA
2019-08-14 00:46:50.985367: I tensorflow/stream_executor/cuda/cuda_gpu_executor.cc:998] successful NUMA node read from SysFS had negative value (-1), but there must be at least one NUMA node, so returning NUMA node zero
2019-08-14 00:46:50.986222: I tensorflow/compiler/xla/service/service.cc:150] XLA service 0x55d82da23580 executing computations on platform CUDA. Devices:
2019-08-14 00:46:50.986273: I tensorflow/compiler/xla/service/service.cc:158]   StreamExecutor device (0): Tesla P100-PCIE-16GB, Compute Capability 6.0
2019-08-14 00:46:50.990246: I tensorflow/core/platform/profile_utils/cpu_utils.cc:94] CPU Frequency: 2599990000 Hz
2019-08-14 00:46:50.991704: I tensorflow/compiler/xla/service/service.cc:150] XLA service 0x55d82da8d320 executing computations on platform Host. Devices:
2019-08-14 00:46:50.991739: I tensorflow/compiler/xla/service/service.cc:158]   StreamExecutor device (0): <undefined>, <undefined>
2019-08-14 00:46:50.992317: I tensorflow/core/common_runtime/gpu/gpu_device.cc:1433] Found device 0 with properties: 
name: Tesla P100-PCIE-16GB major: 6 minor: 0 memoryClockRate(GHz): 1.3285
pciBusID: 0000:00:0c.0
totalMemory: 15.90GiB freeMemory: 15.20GiB
2019-08-14 00:46:50.992360: I tensorflow/core/common_runtime/gpu/gpu_device.cc:1512] Adding visible gpu devices: 0
2019-08-14 00:46:50.993368: I tensorflow/core/common_runtime/gpu/gpu_device.cc:984] Device interconnect StreamExecutor with strength 1 edge matrix:
2019-08-14 00:46:50.993387: I tensorflow/core/common_runtime/gpu/gpu_device.cc:990]      0 
2019-08-14 00:46:50.993394: I tensorflow/core/common_runtime/gpu/gpu_device.cc:1003] 0:   N 
2019-08-14 00:46:50.993666: I tensorflow/core/common_runtime/gpu/gpu_device.cc:1115] Created TensorFlow device (/job:localhost/replica:0/task:0/device:GPU:0 with 14790 MB memory) -> physical GPU (device: 0, name: Tesla P100-PCIE-16GB, pci bus id: 0000:00:0c.0, compute capability: 6.0)
2019-08-14 00:46:52.627721: I tensorflow/stream_executor/dso_loader.cc:152] successfully opened CUDA library libcublas.so.10.0 locally
Successfully download file modelarts-labs/notebook/DL_image_recognition/image_recognition.tar.gz from OBS to local ./image_recognition.tar.gz
prepare dog images for data augumentation
prepare cat images for data augumentation
Found 18748 images belonging to 2 classes.
Found 6252 images belonging to 2 classes.
_________________________________________________________________
Layer (type)                 Output Shape              Param #   
=================================================================
input_1 (InputLayer)         (None, 224, 224, 3)       0         
_________________________________________________________________
block1_conv1 (Conv2D)        (None, 224, 224, 64)      1792      
_________________________________________________________________
block1_conv2 (Conv2D)        (None, 224, 224, 64)      36928     
_________________________________________________________________
block1_pool (MaxPooling2D)   (None, 112, 112, 64)      0         
_________________________________________________________________
block2_conv1 (Conv2D)        (None, 112, 112, 128)     73856     
_________________________________________________________________
block2_conv2 (Conv2D)        (None, 112, 112, 128)     147584    
_________________________________________________________________
block2_pool (MaxPooling2D)   (None, 56, 56, 128)       0         
_________________________________________________________________
block3_conv1 (Conv2D)        (None, 56, 56, 256)       295168    
_________________________________________________________________
block3_conv2 (Conv2D)        (None, 56, 56, 256)       590080    
_________________________________________________________________
block3_conv3 (Conv2D)        (None, 56, 56, 256)       590080    
_________________________________________________________________
block3_pool (MaxPooling2D)   (None, 28, 28, 256)       0         
_________________________________________________________________
block4_conv1 (Conv2D)        (None, 28, 28, 512)       1180160   
_________________________________________________________________
block4_conv2 (Conv2D)        (None, 28, 28, 512)       2359808   
_________________________________________________________________
block4_conv3 (Conv2D)        (None, 28, 28, 512)       2359808   
_________________________________________________________________
block4_pool (MaxPooling2D)   (None, 14, 14, 512)       0         
_________________________________________________________________
block5_conv1 (Conv2D)        (None, 14, 14, 512)       2359808   
_________________________________________________________________
block5_conv2 (Conv2D)        (None, 14, 14, 512)       2359808   
_________________________________________________________________
block5_conv3 (Conv2D)        (None, 14, 14, 512)       2359808   
_________________________________________________________________
block5_pool (MaxPooling2D)   (None, 7, 7, 512)         0         
_________________________________________________________________
global_average_pooling2d_1 ( (None, 512)               0         
_________________________________________________________________
dense_1 (Dense)              (None, 1)                 513       
=================================================================
Total params: 14,715,201
Trainable params: 14,715,201
Non-trainable params: 0
_________________________________________________________________
Epoch 1/2

  1/234 [..............................] - ETA: 15:21 - loss: 0.6932 - acc: 0.3750
  2/234 [..............................] - ETA: 7:52 - loss: 0.6788 - acc: 0.5312 
  3/234 [..............................] - ETA: 5:23 - loss: 2.2841 - acc: 0.4375
  4/234 [..............................] - ETA: 4:08 - loss: 1.8900 - acc: 0.4375
  5/234 [..............................] - ETA: 3:23 - loss: 1.6493 - acc: 0.4625
  6/234 [..............................] - ETA: 2:53 - loss: 1.4902 - acc: 0.4688
  7/234 [..............................] - ETA: 2:31 - loss: 1.3785 - acc: 0.4643
  8/234 [>.............................] - ETA: 2:15 - loss: 1.2953 - acc: 0.4453
  9/234 [>.............................] - ETA: 2:02 - loss: 1.2285 - acc: 0.4514
 10/234 [>.............................] - ETA: 1:52 - loss: 1.1750 - acc: 0.4562
 11/234 [>.............................] - ETA: 1:44 - loss: 1.1311 - acc: 0.4830
 12/234 [>.............................] - ETA: 1:37 - loss: 1.0945 - acc: 0.4844
 13/234 [>.............................] - ETA: 1:31 - loss: 1.0645 - acc: 0.4712
 14/234 [>.............................] - ETA: 1:26 - loss: 1.0380 - acc: 0.4732
 15/234 [>.............................] - ETA: 1:22 - loss: 1.0148 - acc: 0.4833
 16/234 [=>............................] - ETA: 1:18 - loss: 0.9947 - acc: 0.4844
 17/234 [=>............................] - ETA: 1:15 - loss: 0.9770 - acc: 0.4816
 18/234 [=>............................] - ETA: 1:12 - loss: 0.9615 - acc: 0.4757
 19/234 [=>............................] - ETA: 1:09 - loss: 0.9474 - acc: 0.4737
 20/234 [=>............................] - ETA: 1:06 - loss: 0.9347 - acc: 0.4875
 21/234 [=>............................] - ETA: 1:04 - loss: 0.9232 - acc: 0.4881
 22/234 [=>............................] - ETA: 1:02 - loss: 0.9126 - acc: 0.4943
 23/234 [=>............................] - ETA: 1:00 - loss: 0.9027 - acc: 0.5054
 24/234 [==>...........................] - ETA: 59s - loss: 0.8946 - acc: 0.4974 
 25/234 [==>...........................] - ETA: 57s - loss: 0.8869 - acc: 0.4900
 26/234 [==>...........................] - ETA: 55s - loss: 0.8794 - acc: 0.4904
 27/234 [==>...........................] - ETA: 54s - loss: 0.8725 - acc: 0.4907
 28/234 [==>...........................] - ETA: 53s - loss: 0.8661 - acc: 0.4933
 29/234 [==>...........................] - ETA: 52s - loss: 0.8602 - acc: 0.4892
 30/234 [==>...........................] - ETA: 52s - loss: 0.8546 - acc: 0.4938
 31/234 [==>...........................] - ETA: 51s - loss: 0.8495 - acc: 0.4879
 32/234 [===>..........................] - ETA: 51s - loss: 0.8446 - acc: 0.4902
 33/234 [===>..........................] - ETA: 50s - loss: 0.8401 - acc: 0.4830
 34/234 [===>..........................] - ETA: 50s - loss: 0.8358 - acc: 0.4761
 35/234 [===>..........................] - ETA: 49s - loss: 0.8317 - acc: 0.4750
 36/234 [===>..........................] - ETA: 48s - loss: 0.8279 - acc: 0.4774
 37/234 [===>..........................] - ETA: 48s - loss: 0.8242 - acc: 0.4780
 38/234 [===>..........................] - ETA: 51s - loss: 0.8207 - acc: 0.4836
 39/234 [====>.........................] - ETA: 50s - loss: 0.8173 - acc: 0.4872
 40/234 [====>.........................] - ETA: 49s - loss: 0.8141 - acc: 0.4891
 41/234 [====>.........................] - ETA: 49s - loss: 0.8108 - acc: 0.4954
 42/234 [====>.........................] - ETA: 48s - loss: 0.8079 - acc: 0.4970
 43/234 [====>.........................] - ETA: 48s - loss: 0.8053 - acc: 0.4971
 44/234 [====>.........................] - ETA: 47s - loss: 0.8027 - acc: 0.4972
 45/234 [====>.........................] - ETA: 46s - loss: 0.8013 - acc: 0.4903
 46/234 [====>.........................] - ETA: 46s - loss: 0.7989 - acc: 0.4918
 47/234 [=====>........................] - ETA: 45s - loss: 0.7967 - acc: 0.4907
 48/234 [=====>........................] - ETA: 45s - loss: 0.7945 - acc: 0.4896
 49/234 [=====>........................] - ETA: 44s - loss: 0.7925 - acc: 0.4872
 50/234 [=====>........................] - ETA: 44s - loss: 0.7905 - acc: 0.4888
 51/234 [=====>........................] - ETA: 43s - loss: 0.7886 - acc: 0.4865
 52/234 [=====>........................] - ETA: 43s - loss: 0.7868 - acc: 0.4832
 53/234 [=====>........................] - ETA: 43s - loss: 0.7851 - acc: 0.4823
 54/234 [=====>........................] - ETA: 42s - loss: 0.7834 - acc: 0.4826
 55/234 [======>.......................] - ETA: 42s - loss: 0.7817 - acc: 0.4818
 56/234 [======>.......................] - ETA: 41s - loss: 0.7801 - acc: 0.4866
 57/234 [======>.......................] - ETA: 41s - loss: 0.7786 - acc: 0.4868
 58/234 [======>.......................] - ETA: 40s - loss: 0.7771 - acc: 0.4903
 59/234 [======>.......................] - ETA: 40s - loss: 0.7757 - acc: 0.4905
 60/234 [======>.......................] - ETA: 40s - loss: 0.7744 - acc: 0.4865
 61/234 [======>.......................] - ETA: 39s - loss: 0.7731 - acc: 0.4867
 62/234 [======>.......................] - ETA: 39s - loss: 0.7718 - acc: 0.4899
 63/234 [=======>......................] - ETA: 39s - loss: 0.7705 - acc: 0.4891
 64/234 [=======>......................] - ETA: 38s - loss: 0.7693 - acc: 0.4883
 65/234 [=======>......................] - ETA: 38s - loss: 0.7682 - acc: 0.4885
 66/234 [=======>......................] - ETA: 37s - loss: 0.7670 - acc: 0.4896
 67/234 [=======>......................] - ETA: 37s - loss: 0.7659 - acc: 0.4879
 68/234 [=======>......................] - ETA: 37s - loss: 0.7649 - acc: 0.4881
 69/234 [=======>......................] - ETA: 36s - loss: 0.7638 - acc: 0.4864
 70/234 [=======>......................] - ETA: 36s - loss: 0.7628 - acc: 0.4857
 71/234 [========>.....................] - ETA: 36s - loss: 0.7618 - acc: 0.4868
 72/234 [========>.....................] - ETA: 35s - loss: 0.7609 - acc: 0.4861
 73/234 [========>.....................] - ETA: 35s - loss: 0.7600 - acc: 0.4846
 74/234 [========>.....................] - ETA: 35s - loss: 0.7591 - acc: 0.4823
 75/234 [========>.....................] - ETA: 35s - loss: 0.7582 - acc: 0.4833
 76/234 [========>.....................] - ETA: 34s - loss: 0.7573 - acc: 0.4844
 77/234 [========>.....................] - ETA: 34s - loss: 0.7565 - acc: 0.4870
 78/234 [=========>....................] - ETA: 34s - loss: 0.7556 - acc: 0.4880
 79/234 [=========>....................] - ETA: 33s - loss: 0.7549 - acc: 0.4866
 80/234 [=========>....................] - ETA: 33s - loss: 0.7541 - acc: 0.4875
 81/234 [=========>....................] - ETA: 33s - loss: 0.7534 - acc: 0.4853
 82/234 [=========>....................] - ETA: 33s - loss: 0.7527 - acc: 0.4870
 83/234 [=========>....................] - ETA: 32s - loss: 0.7520 - acc: 0.4857
 84/234 [=========>....................] - ETA: 32s - loss: 0.7513 - acc: 0.4874
 85/234 [=========>....................] - ETA: 32s - loss: 0.7506 - acc: 0.4875
 86/234 [==========>...................] - ETA: 31s - loss: 0.7499 - acc: 0.4913
 87/234 [==========>...................] - ETA: 31s - loss: 0.7493 - acc: 0.4907
 88/234 [==========>...................] - ETA: 31s - loss: 0.7486 - acc: 0.4915
 89/234 [==========>...................] - ETA: 31s - loss: 0.7480 - acc: 0.4916
 90/234 [==========>...................] - ETA: 30s - loss: 0.7474 - acc: 0.4903
 91/234 [==========>...................] - ETA: 30s - loss: 0.7468 - acc: 0.4890
 92/234 [==========>...................] - ETA: 30s - loss: 0.7462 - acc: 0.4885
 93/234 [==========>...................] - ETA: 29s - loss: 0.7457 - acc: 0.4899
 94/234 [===========>..................] - ETA: 29s - loss: 0.7451 - acc: 0.4927
 95/234 [===========>..................] - ETA: 29s - loss: 0.7445 - acc: 0.4928
 96/234 [===========>..................] - ETA: 29s - loss: 0.7440 - acc: 0.4941
 97/234 [===========>..................] - ETA: 28s - loss: 0.7435 - acc: 0.4942
 98/234 [===========>..................] - ETA: 28s - loss: 0.7430 - acc: 0.4930
 99/234 [===========>..................] - ETA: 28s - loss: 0.7425 - acc: 0.4924
100/234 [===========>..................] - ETA: 28s - loss: 0.7420 - acc: 0.4925
101/234 [===========>..................] - ETA: 27s - loss: 0.7415 - acc: 0.4926
102/234 [============>.................] - ETA: 27s - loss: 0.7410 - acc: 0.4945
103/234 [============>.................] - ETA: 27s - loss: 0.7405 - acc: 0.4951
104/234 [============>.................] - ETA: 27s - loss: 0.7401 - acc: 0.4928
105/234 [============>.................] - ETA: 26s - loss: 0.7397 - acc: 0.4946
106/234 [============>.................] - ETA: 26s - loss: 0.7392 - acc: 0.4947
107/234 [============>.................] - ETA: 26s - loss: 0.7388 - acc: 0.4930
108/234 [============>.................] - ETA: 26s - loss: 0.7384 - acc: 0.4942
109/234 [============>.................] - ETA: 25s - loss: 0.7380 - acc: 0.4937
110/234 [=============>................] - ETA: 25s - loss: 0.7376 - acc: 0.4949
111/234 [=============>................] - ETA: 25s - loss: 0.7371 - acc: 0.4955
112/234 [=============>................] - ETA: 25s - loss: 0.7367 - acc: 0.4972
113/234 [=============>................] - ETA: 24s - loss: 0.7363 - acc: 0.4978
114/234 [=============>................] - ETA: 24s - loss: 0.7359 - acc: 0.4989
115/234 [=============>................] - ETA: 24s - loss: 0.7356 - acc: 0.4978
116/234 [=============>................] - ETA: 24s - loss: 0.7352 - acc: 0.4989
117/234 [==============>...............] - ETA: 24s - loss: 0.7348 - acc: 0.5016
118/234 [==============>...............] - ETA: 23s - loss: 0.7346 - acc: 0.5000
119/234 [==============>...............] - ETA: 23s - loss: 0.7342 - acc: 0.5011
120/234 [==============>...............] - ETA: 23s - loss: 0.7339 - acc: 0.5005
121/234 [==============>...............] - ETA: 23s - loss: 0.7335 - acc: 0.5021
122/234 [==============>...............] - ETA: 22s - loss: 0.7332 - acc: 0.5020
123/234 [==============>...............] - ETA: 22s - loss: 0.7328 - acc: 0.5025
124/234 [==============>...............] - ETA: 22s - loss: 0.7325 - acc: 0.5020
125/234 [===============>..............] - ETA: 22s - loss: 0.7322 - acc: 0.5020
126/234 [===============>..............] - ETA: 22s - loss: 0.7319 - acc: 0.5015
127/234 [===============>..............] - ETA: 21s - loss: 0.7316 - acc: 0.5044
128/234 [===============>..............] - ETA: 21s - loss: 0.7312 - acc: 0.5054
129/234 [===============>..............] - ETA: 21s - loss: 0.7309 - acc: 0.5068
130/234 [===============>..............] - ETA: 21s - loss: 0.7306 - acc: 0.5062
131/234 [===============>..............] - ETA: 20s - loss: 0.7303 - acc: 0.5067
132/234 [===============>..............] - ETA: 20s - loss: 0.7300 - acc: 0.5076
133/234 [================>.............] - ETA: 20s - loss: 0.7297 - acc: 0.5085
134/234 [================>.............] - ETA: 20s - loss: 0.7294 - acc: 0.5084
135/234 [================>.............] - ETA: 20s - loss: 0.7292 - acc: 0.5079
136/234 [================>.............] - ETA: 19s - loss: 0.7289 - acc: 0.5083
137/234 [================>.............] - ETA: 19s - loss: 0.7287 - acc: 0.5073
138/234 [================>.............] - ETA: 19s - loss: 0.7285 - acc: 0.5063
139/234 [================>.............] - ETA: 19s - loss: 0.7282 - acc: 0.5058
140/234 [================>.............] - ETA: 18s - loss: 0.7280 - acc: 0.5058
141/234 [=================>............] - ETA: 18s - loss: 0.7277 - acc: 0.5058
142/234 [=================>............] - ETA: 18s - loss: 0.7275 - acc: 0.5053
143/234 [=================>............] - ETA: 18s - loss: 0.7273 - acc: 0.5048
144/234 [=================>............] - ETA: 18s - loss: 0.7270 - acc: 0.5065
145/234 [=================>............] - ETA: 17s - loss: 0.7268 - acc: 0.5056
146/234 [=================>............] - ETA: 17s - loss: 0.7265 - acc: 0.5064
147/234 [=================>............] - ETA: 17s - loss: 0.7263 - acc: 0.5081
148/234 [=================>............] - ETA: 17s - loss: 0.7260 - acc: 0.5080
149/234 [==================>...........] - ETA: 17s - loss: 0.7258 - acc: 0.5076
150/234 [==================>...........] - ETA: 16s - loss: 0.7256 - acc: 0.5067
151/234 [==================>...........] - ETA: 16s - loss: 0.7254 - acc: 0.5079
152/234 [==================>...........] - ETA: 16s - loss: 0.7252 - acc: 0.5082
153/234 [==================>...........] - ETA: 16s - loss: 0.7250 - acc: 0.5069
154/234 [==================>...........] - ETA: 15s - loss: 0.7248 - acc: 0.5061
155/234 [==================>...........] - ETA: 15s - loss: 0.7246 - acc: 0.5052
156/234 [===================>..........] - ETA: 15s - loss: 0.7244 - acc: 0.5056
157/234 [===================>..........] - ETA: 15s - loss: 0.7242 - acc: 0.5056
158/234 [===================>..........] - ETA: 15s - loss: 0.7240 - acc: 0.5063
159/234 [===================>..........] - ETA: 14s - loss: 0.7238 - acc: 0.5063
160/234 [===================>..........] - ETA: 14s - loss: 0.7236 - acc: 0.5070
161/234 [===================>..........] - ETA: 14s - loss: 0.7234 - acc: 0.5082
162/234 [===================>..........] - ETA: 14s - loss: 0.7232 - acc: 0.5081
163/234 [===================>..........] - ETA: 14s - loss: 0.7230 - acc: 0.5084
164/234 [====================>.........] - ETA: 13s - loss: 0.7229 - acc: 0.5076
165/234 [====================>.........] - ETA: 13s - loss: 0.7227 - acc: 0.5068
166/234 [====================>.........] - ETA: 13s - loss: 0.7226 - acc: 0.5053
167/234 [====================>.........] - ETA: 13s - loss: 0.7224 - acc: 0.5056
168/234 [====================>.........] - ETA: 13s - loss: 0.7222 - acc: 0.5052
169/234 [====================>.........] - ETA: 12s - loss: 0.7220 - acc: 0.5055
170/234 [====================>.........] - ETA: 12s - loss: 0.7219 - acc: 0.5048
171/234 [====================>.........] - ETA: 12s - loss: 0.7217 - acc: 0.5051
172/234 [=====================>........] - ETA: 12s - loss: 0.7215 - acc: 0.5051
173/234 [=====================>........] - ETA: 12s - loss: 0.7215 - acc: 0.5043
174/234 [=====================>........] - ETA: 11s - loss: 0.7213 - acc: 0.5043
175/234 [=====================>........] - ETA: 11s - loss: 0.7211 - acc: 0.5046
176/234 [=====================>........] - ETA: 11s - loss: 0.7210 - acc: 0.5046
177/234 [=====================>........] - ETA: 11s - loss: 0.7208 - acc: 0.5042
178/234 [=====================>........] - ETA: 11s - loss: 0.7207 - acc: 0.5032
179/234 [=====================>........] - ETA: 10s - loss: 0.7205 - acc: 0.5049
180/234 [======================>.......] - ETA: 10s - loss: 0.7204 - acc: 0.5045
181/234 [======================>.......] - ETA: 10s - loss: 0.7202 - acc: 0.5035
182/234 [======================>.......] - ETA: 10s - loss: 0.7201 - acc: 0.5031
183/234 [======================>.......] - ETA: 10s - loss: 0.7200 - acc: 0.5027
184/234 [======================>.......] - ETA: 9s - loss: 0.7198 - acc: 0.5020 
185/234 [======================>.......] - ETA: 9s - loss: 0.7197 - acc: 0.5024
186/234 [======================>.......] - ETA: 9s - loss: 0.7195 - acc: 0.5034
187/234 [======================>.......] - ETA: 9s - loss: 0.7194 - acc: 0.5027
188/234 [=======================>......] - ETA: 9s - loss: 0.7192 - acc: 0.5027
189/234 [=======================>......] - ETA: 8s - loss: 0.7191 - acc: 0.5033
190/234 [=======================>......] - ETA: 8s - loss: 0.7190 - acc: 0.5030
191/234 [=======================>......] - ETA: 8s - loss: 0.7188 - acc: 0.5046
192/234 [=======================>......] - ETA: 8s - loss: 0.7187 - acc: 0.5046
193/234 [=======================>......] - ETA: 7s - loss: 0.7186 - acc: 0.5039
194/234 [=======================>......] - ETA: 7s - loss: 0.7184 - acc: 0.5039
195/234 [========================>.....] - ETA: 7s - loss: 0.7183 - acc: 0.5038
196/234 [========================>.....] - ETA: 7s - loss: 0.7182 - acc: 0.5041
197/234 [========================>.....] - ETA: 7s - loss: 0.7181 - acc: 0.5025
198/234 [========================>.....] - ETA: 7s - loss: 0.7179 - acc: 0.5028
199/234 [========================>.....] - ETA: 6s - loss: 0.7178 - acc: 0.5031
200/234 [========================>.....] - ETA: 6s - loss: 0.7177 - acc: 0.5022
201/234 [========================>.....] - ETA: 6s - loss: 0.7176 - acc: 0.5019
202/234 [========================>.....] - ETA: 6s - loss: 0.7175 - acc: 0.5019
203/234 [=========================>....] - ETA: 6s - loss: 0.7173 - acc: 0.5022
204/234 [=========================>....] - ETA: 5s - loss: 0.7172 - acc: 0.5015
205/234 [=========================>....] - ETA: 5s - loss: 0.7171 - acc: 0.5021
206/234 [=========================>....] - ETA: 5s - loss: 0.7170 - acc: 0.5027
207/234 [=========================>....] - ETA: 5s - loss: 0.7169 - acc: 0.5030
208/234 [=========================>....] - ETA: 5s - loss: 0.7167 - acc: 0.5033
209/234 [=========================>....] - ETA: 4s - loss: 0.7166 - acc: 0.5045
210/234 [=========================>....] - ETA: 4s - loss: 0.7165 - acc: 0.5045
211/234 [==========================>...] - ETA: 4s - loss: 0.7164 - acc: 0.5047
212/234 [==========================>...] - ETA: 4s - loss: 0.7163 - acc: 0.5047
213/234 [==========================>...] - ETA: 4s - loss: 0.7162 - acc: 0.5041
214/234 [==========================>...] - ETA: 3s - loss: 0.7161 - acc: 0.5041
215/234 [==========================>...] - ETA: 3s - loss: 0.7159 - acc: 0.5052
216/234 [==========================>...] - ETA: 3s - loss: 0.7158 - acc: 0.5052
217/234 [==========================>...] - ETA: 3s - loss: 0.7157 - acc: 0.5049
218/234 [==========================>...] - ETA: 3s - loss: 0.7156 - acc: 0.5054
219/234 [===========================>..] - ETA: 2s - loss: 0.7155 - acc: 0.5049
220/234 [===========================>..] - ETA: 2s - loss: 0.7154 - acc: 0.5048
221/234 [===========================>..] - ETA: 2s - loss: 0.7153 - acc: 0.5045
222/234 [===========================>..] - ETA: 2s - loss: 0.7152 - acc: 0.5053
223/234 [===========================>..] - ETA: 2s - loss: 0.7151 - acc: 0.5056
224/234 [===========================>..] - ETA: 1s - loss: 0.7150 - acc: 0.5047
225/234 [===========================>..] - ETA: 1s - loss: 0.7150 - acc: 0.5042
226/234 [===========================>..] - ETA: 1s - loss: 0.7149 - acc: 0.5039
227/234 [============================>.] - ETA: 1s - loss: 0.7148 - acc: 0.5041
228/234 [============================>.] - ETA: 1s - loss: 0.7147 - acc: 0.5038
229/234 [============================>.] - ETA: 0s - loss: 0.7146 - acc: 0.5049
230/234 [============================>.] - ETA: 0s - loss: 0.7145 - acc: 0.5052
231/234 [============================>.] - ETA: 0s - loss: 0.7144 - acc: 0.5049
232/234 [============================>.] - ETA: 0s - loss: 0.7143 - acc: 0.5051
233/234 [============================>.] - ETA: 0s - loss: 0.7142 - acc: 0.5051
234/234 [==============================] - 57s 244ms/step - loss: 0.7141 - acc: 0.5045 - val_loss: 0.6920 - val_acc: 0.5064

Epoch 00001: val_acc improved from -inf to 0.50641, saving model to aug.weights.001_0.5045_0.5064.h5
Epoch 2/2

  1/234 [..............................] - ETA: 30s - loss: 0.6852 - acc: 0.6250
  2/234 [..............................] - ETA: 29s - loss: 0.6839 - acc: 0.6250
  3/234 [..............................] - ETA: 29s - loss: 0.6987 - acc: 0.5417
  4/234 [..............................] - ETA: 28s - loss: 0.6986 - acc: 0.5156
  5/234 [..............................] - ETA: 28s - loss: 0.6977 - acc: 0.5000
  6/234 [..............................] - ETA: 28s - loss: 0.6967 - acc: 0.5104
  7/234 [..............................] - ETA: 28s - loss: 0.6964 - acc: 0.5000
  8/234 [>.............................] - ETA: 27s - loss: 0.6965 - acc: 0.4844
  9/234 [>.............................] - ETA: 27s - loss: 0.6963 - acc: 0.4722
 10/234 [>.............................] - ETA: 27s - loss: 0.6965 - acc: 0.4562
 11/234 [>.............................] - ETA: 27s - loss: 0.6964 - acc: 0.4375
 12/234 [>.............................] - ETA: 27s - loss: 0.6966 - acc: 0.4271
 13/234 [>.............................] - ETA: 26s - loss: 0.6963 - acc: 0.4423
 14/234 [>.............................] - ETA: 26s - loss: 0.6963 - acc: 0.4241
 15/234 [>.............................] - ETA: 26s - loss: 0.6961 - acc: 0.4333
 16/234 [=>............................] - ETA: 26s - loss: 0.6960 - acc: 0.4219
 17/234 [=>............................] - ETA: 26s - loss: 0.6958 - acc: 0.4375
 18/234 [=>............................] - ETA: 26s - loss: 0.6957 - acc: 0.4444
 19/234 [=>............................] - ETA: 25s - loss: 0.6955 - acc: 0.4572
 20/234 [=>............................] - ETA: 25s - loss: 0.6954 - acc: 0.4594
 21/234 [=>............................] - ETA: 25s - loss: 0.6952 - acc: 0.4673
 22/234 [=>............................] - ETA: 25s - loss: 0.6949 - acc: 0.4773
 23/234 [=>............................] - ETA: 25s - loss: 0.6947 - acc: 0.4810
 24/234 [==>...........................] - ETA: 25s - loss: 0.6946 - acc: 0.4818
 25/234 [==>...........................] - ETA: 25s - loss: 0.6943 - acc: 0.4825
 26/234 [==>...........................] - ETA: 25s - loss: 0.6948 - acc: 0.4784
 27/234 [==>...........................] - ETA: 24s - loss: 0.6946 - acc: 0.4792
 28/234 [==>...........................] - ETA: 24s - loss: 0.6946 - acc: 0.4754
 29/234 [==>...........................] - ETA: 24s - loss: 0.6945 - acc: 0.4763
 30/234 [==>...........................] - ETA: 24s - loss: 0.6946 - acc: 0.4750
 31/234 [==>...........................] - ETA: 25s - loss: 0.6946 - acc: 0.4758
 32/234 [===>..........................] - ETA: 25s - loss: 0.6945 - acc: 0.4727
 33/234 [===>..........................] - ETA: 25s - loss: 0.6945 - acc: 0.4735
 34/234 [===>..........................] - ETA: 25s - loss: 0.6942 - acc: 0.4816
 35/234 [===>..........................] - ETA: 25s - loss: 0.6937 - acc: 0.4857
 36/234 [===>..........................] - ETA: 26s - loss: 0.7013 - acc: 0.4844
 37/234 [===>..........................] - ETA: 26s - loss: 0.7011 - acc: 0.4831
 38/234 [===>..........................] - ETA: 26s - loss: 0.7009 - acc: 0.4819
 39/234 [====>.........................] - ETA: 26s - loss: 0.7005 - acc: 0.4856
 40/234 [====>.........................] - ETA: 26s - loss: 0.7004 - acc: 0.4828
 41/234 [====>.........................] - ETA: 26s - loss: 0.7002 - acc: 0.4832
 42/234 [====>.........................] - ETA: 26s - loss: 0.6999 - acc: 0.4881
 43/234 [====>.........................] - ETA: 26s - loss: 0.6997 - acc: 0.4884
 44/234 [====>.........................] - ETA: 26s - loss: 0.6998 - acc: 0.4844
 45/234 [====>.........................] - ETA: 26s - loss: 0.6995 - acc: 0.4861
 46/234 [====>.........................] - ETA: 26s - loss: 0.6994 - acc: 0.4837
 47/234 [=====>........................] - ETA: 26s - loss: 0.6990 - acc: 0.4894
 48/234 [=====>........................] - ETA: 26s - loss: 0.6980 - acc: 0.4961
 49/234 [=====>........................] - ETA: 26s - loss: 0.6984 - acc: 0.4974
 50/234 [=====>........................] - ETA: 26s - loss: 0.6980 - acc: 0.5025
 51/234 [=====>........................] - ETA: 26s - loss: 0.6978 - acc: 0.5025
 52/234 [=====>........................] - ETA: 26s - loss: 0.6968 - acc: 0.5072
 53/234 [=====>........................] - ETA: 26s - loss: 0.6965 - acc: 0.5106
 54/234 [=====>........................] - ETA: 26s - loss: 0.6969 - acc: 0.5116
 55/234 [======>.......................] - ETA: 26s - loss: 0.6968 - acc: 0.5136
 56/234 [======>.......................] - ETA: 26s - loss: 0.6970 - acc: 0.5123
 57/234 [======>.......................] - ETA: 26s - loss: 0.6968 - acc: 0.5110
 58/234 [======>.......................] - ETA: 26s - loss: 0.6963 - acc: 0.5140
 59/234 [======>.......................] - ETA: 26s - loss: 0.6961 - acc: 0.5148
 60/234 [======>.......................] - ETA: 26s - loss: 0.6956 - acc: 0.5177
 61/234 [======>.......................] - ETA: 26s - loss: 0.6954 - acc: 0.5174
 62/234 [======>.......................] - ETA: 26s - loss: 0.6940 - acc: 0.5202
 63/234 [=======>......................] - ETA: 26s - loss: 0.6987 - acc: 0.5188
 64/234 [=======>......................] - ETA: 26s - loss: 0.6983 - acc: 0.5205
 65/234 [=======>......................] - ETA: 25s - loss: 0.6981 - acc: 0.5212
 66/234 [=======>......................] - ETA: 25s - loss: 0.6977 - acc: 0.5227
 67/234 [=======>......................] - ETA: 25s - loss: 0.6977 - acc: 0.5215
 68/234 [=======>......................] - ETA: 25s - loss: 0.6974 - acc: 0.5211
 69/234 [=======>......................] - ETA: 25s - loss: 0.6969 - acc: 0.5208
 70/234 [=======>......................] - ETA: 25s - loss: 0.6962 - acc: 0.5241
 71/234 [========>.....................] - ETA: 25s - loss: 0.6945 - acc: 0.5273
 72/234 [========>.....................] - ETA: 25s - loss: 0.6973 - acc: 0.5243
 73/234 [========>.....................] - ETA: 25s - loss: 0.6978 - acc: 0.5223
 74/234 [========>.....................] - ETA: 24s - loss: 0.6978 - acc: 0.5220
 75/234 [========>.....................] - ETA: 24s - loss: 0.6978 - acc: 0.5208
 76/234 [========>.....................] - ETA: 24s - loss: 0.6975 - acc: 0.5222
 77/234 [========>.....................] - ETA: 24s - loss: 0.6975 - acc: 0.5235
 78/234 [=========>....................] - ETA: 24s - loss: 0.6977 - acc: 0.5224
 79/234 [=========>....................] - ETA: 24s - loss: 0.6973 - acc: 0.5245
 80/234 [=========>....................] - ETA: 24s - loss: 0.6974 - acc: 0.5242
 81/234 [=========>....................] - ETA: 24s - loss: 0.6978 - acc: 0.5201
 82/234 [=========>....................] - ETA: 24s - loss: 0.6977 - acc: 0.5213
 83/234 [=========>....................] - ETA: 23s - loss: 0.6974 - acc: 0.5226
 84/234 [=========>....................] - ETA: 23s - loss: 0.6973 - acc: 0.5231
 85/234 [=========>....................] - ETA: 23s - loss: 0.6970 - acc: 0.5243
 86/234 [==========>...................] - ETA: 23s - loss: 0.6961 - acc: 0.5269
 87/234 [==========>...................] - ETA: 23s - loss: 0.6972 - acc: 0.5237
 88/234 [==========>...................] - ETA: 23s - loss: 0.6969 - acc: 0.5234
 89/234 [==========>...................] - ETA: 23s - loss: 0.6967 - acc: 0.5246
 90/234 [==========>...................] - ETA: 23s - loss: 0.6960 - acc: 0.5243
 91/234 [==========>...................] - ETA: 22s - loss: 0.6962 - acc: 0.5240
 92/234 [==========>...................] - ETA: 22s - loss: 0.6962 - acc: 0.5224
 93/234 [==========>...................] - ETA: 22s - loss: 0.6960 - acc: 0.5222
 94/234 [===========>..................] - ETA: 22s - loss: 0.6965 - acc: 0.5226
 95/234 [===========>..................] - ETA: 22s - loss: 0.6967 - acc: 0.5204
 96/234 [===========>..................] - ETA: 22s - loss: 0.6966 - acc: 0.5202
 97/234 [===========>..................] - ETA: 22s - loss: 0.6965 - acc: 0.5226
 98/234 [===========>..................] - ETA: 22s - loss: 0.6961 - acc: 0.5236
 99/234 [===========>..................] - ETA: 21s - loss: 0.6965 - acc: 0.5221
100/234 [===========>..................] - ETA: 21s - loss: 0.6962 - acc: 0.5244
101/234 [===========>..................] - ETA: 21s - loss: 0.6960 - acc: 0.5260
102/234 [============>.................] - ETA: 21s - loss: 0.6956 - acc: 0.5288
103/234 [============>.................] - ETA: 21s - loss: 0.6958 - acc: 0.5285
104/234 [============>.................] - ETA: 21s - loss: 0.6959 - acc: 0.5270
105/234 [============>.................] - ETA: 21s - loss: 0.6955 - acc: 0.5292
106/234 [============>.................] - ETA: 20s - loss: 0.6950 - acc: 0.5307
107/234 [============>.................] - ETA: 20s - loss: 0.6964 - acc: 0.5292
108/234 [============>.................] - ETA: 20s - loss: 0.6965 - acc: 0.5284
109/234 [============>.................] - ETA: 20s - loss: 0.6965 - acc: 0.5269
110/234 [=============>................] - ETA: 20s - loss: 0.6964 - acc: 0.5284
111/234 [=============>................] - ETA: 20s - loss: 0.6961 - acc: 0.5310
112/234 [=============>................] - ETA: 20s - loss: 0.6962 - acc: 0.5307
113/234 [=============>................] - ETA: 19s - loss: 0.6964 - acc: 0.5304
114/234 [=============>................] - ETA: 19s - loss: 0.6962 - acc: 0.5307
115/234 [=============>................] - ETA: 19s - loss: 0.6956 - acc: 0.5326
116/234 [=============>................] - ETA: 19s - loss: 0.6955 - acc: 0.5323
117/234 [==============>...............] - ETA: 19s - loss: 0.6955 - acc: 0.5321
118/234 [==============>...............] - ETA: 19s - loss: 0.6954 - acc: 0.5323
119/234 [==============>...............] - ETA: 18s - loss: 0.6955 - acc: 0.5315
120/234 [==============>...............] - ETA: 18s - loss: 0.6955 - acc: 0.5312
121/234 [==============>...............] - ETA: 18s - loss: 0.6954 - acc: 0.5310
122/234 [==============>...............] - ETA: 18s - loss: 0.6954 - acc: 0.5292
123/234 [==============>...............] - ETA: 18s - loss: 0.6954 - acc: 0.5295
124/234 [==============>...............] - ETA: 18s - loss: 0.6952 - acc: 0.5292
125/234 [===============>..............] - ETA: 18s - loss: 0.6951 - acc: 0.5295
126/234 [===============>..............] - ETA: 17s - loss: 0.6950 - acc: 0.5303
127/234 [===============>..............] - ETA: 17s - loss: 0.6945 - acc: 0.5310
128/234 [===============>..............] - ETA: 17s - loss: 0.6949 - acc: 0.5308
129/234 [===============>..............] - ETA: 17s - loss: 0.6948 - acc: 0.5305
130/234 [===============>..............] - ETA: 17s - loss: 0.6951 - acc: 0.5284
131/234 [===============>..............] - ETA: 17s - loss: 0.6948 - acc: 0.5301
132/234 [===============>..............] - ETA: 16s - loss: 0.6950 - acc: 0.5289
133/234 [================>.............] - ETA: 16s - loss: 0.6949 - acc: 0.5291
134/234 [================>.............] - ETA: 16s - loss: 0.6948 - acc: 0.5294
135/234 [================>.............] - ETA: 16s - loss: 0.6948 - acc: 0.5278
136/234 [================>.............] - ETA: 16s - loss: 0.6944 - acc: 0.5290
137/234 [================>.............] - ETA: 16s - loss: 0.6944 - acc: 0.5297
138/234 [================>.............] - ETA: 16s - loss: 0.6942 - acc: 0.5308
139/234 [================>.............] - ETA: 15s - loss: 0.6939 - acc: 0.5319
140/234 [================>.............] - ETA: 15s - loss: 0.6930 - acc: 0.5339
141/234 [=================>............] - ETA: 15s - loss: 0.6971 - acc: 0.5328
142/234 [=================>............] - ETA: 15s - loss: 0.6971 - acc: 0.5330
143/234 [=================>............] - ETA: 15s - loss: 0.6970 - acc: 0.5337
144/234 [=================>............] - ETA: 15s - loss: 0.6970 - acc: 0.5330
145/234 [=================>............] - ETA: 14s - loss: 0.6968 - acc: 0.5345
146/234 [=================>............] - ETA: 14s - loss: 0.6968 - acc: 0.5338
147/234 [=================>............] - ETA: 14s - loss: 0.6966 - acc: 0.5336
148/234 [=================>............] - ETA: 14s - loss: 0.6963 - acc: 0.5342
149/234 [==================>...........] - ETA: 14s - loss: 0.6963 - acc: 0.5331
150/234 [==================>...........] - ETA: 14s - loss: 0.6965 - acc: 0.5317
151/234 [==================>...........] - ETA: 13s - loss: 0.6961 - acc: 0.5335
152/234 [==================>...........] - ETA: 13s - loss: 0.6958 - acc: 0.5341
153/234 [==================>...........] - ETA: 13s - loss: 0.6956 - acc: 0.5343
154/234 [==================>...........] - ETA: 13s - loss: 0.6952 - acc: 0.5349
155/234 [==================>...........] - ETA: 13s - loss: 0.6951 - acc: 0.5351
156/234 [===================>..........] - ETA: 13s - loss: 0.6949 - acc: 0.5349
157/234 [===================>..........] - ETA: 12s - loss: 0.6949 - acc: 0.5342
158/234 [===================>..........] - ETA: 12s - loss: 0.6952 - acc: 0.5340
159/234 [===================>..........] - ETA: 12s - loss: 0.6953 - acc: 0.5342
160/234 [===================>..........] - ETA: 12s - loss: 0.6954 - acc: 0.5340
161/234 [===================>..........] - ETA: 12s - loss: 0.6951 - acc: 0.5345
162/234 [===================>..........] - ETA: 12s - loss: 0.6950 - acc: 0.5332
163/234 [===================>..........] - ETA: 11s - loss: 0.6949 - acc: 0.5326
164/234 [====================>.........] - ETA: 11s - loss: 0.6948 - acc: 0.5328
165/234 [====================>.........] - ETA: 11s - loss: 0.6951 - acc: 0.5330
166/234 [====================>.........] - ETA: 11s - loss: 0.6952 - acc: 0.5335
167/234 [====================>.........] - ETA: 11s - loss: 0.6954 - acc: 0.5333
168/234 [====================>.........] - ETA: 11s - loss: 0.6953 - acc: 0.5335
169/234 [====================>.........] - ETA: 10s - loss: 0.6951 - acc: 0.5344
170/234 [====================>.........] - ETA: 10s - loss: 0.6949 - acc: 0.5353
171/234 [====================>.........] - ETA: 10s - loss: 0.6951 - acc: 0.5344
172/234 [=====================>........] - ETA: 10s - loss: 0.6950 - acc: 0.5342
173/234 [=====================>........] - ETA: 10s - loss: 0.6950 - acc: 0.5347
174/234 [=====================>........] - ETA: 10s - loss: 0.6947 - acc: 0.5359
175/234 [=====================>........] - ETA: 9s - loss: 0.6946 - acc: 0.5357 
176/234 [=====================>........] - ETA: 9s - loss: 0.6947 - acc: 0.5355
177/234 [=====================>........] - ETA: 9s - loss: 0.6945 - acc: 0.5357
178/234 [=====================>........] - ETA: 9s - loss: 0.6946 - acc: 0.5351
179/234 [=====================>........] - ETA: 9s - loss: 0.6943 - acc: 0.5363
180/234 [======================>.......] - ETA: 9s - loss: 0.6945 - acc: 0.5351
181/234 [======================>.......] - ETA: 9s - loss: 0.6947 - acc: 0.5345
182/234 [======================>.......] - ETA: 8s - loss: 0.6945 - acc: 0.5347
183/234 [======================>.......] - ETA: 8s - loss: 0.6944 - acc: 0.5355
184/234 [======================>.......] - ETA: 8s - loss: 0.6944 - acc: 0.5353
185/234 [======================>.......] - ETA: 8s - loss: 0.6941 - acc: 0.5361
186/234 [======================>.......] - ETA: 8s - loss: 0.6937 - acc: 0.5370
187/234 [======================>.......] - ETA: 8s - loss: 0.6940 - acc: 0.5374
188/234 [=======================>......] - ETA: 7s - loss: 0.6945 - acc: 0.5366
189/234 [=======================>......] - ETA: 7s - loss: 0.6945 - acc: 0.5370
190/234 [=======================>......] - ETA: 7s - loss: 0.6944 - acc: 0.5375
191/234 [=======================>......] - ETA: 7s - loss: 0.6941 - acc: 0.5386
192/234 [=======================>......] - ETA: 7s - loss: 0.6944 - acc: 0.5381
193/234 [=======================>......] - ETA: 6s - loss: 0.6944 - acc: 0.5379
194/234 [=======================>......] - ETA: 6s - loss: 0.6944 - acc: 0.5383
195/234 [========================>.....] - ETA: 6s - loss: 0.6944 - acc: 0.5378
196/234 [========================>.....] - ETA: 6s - loss: 0.6944 - acc: 0.5376
197/234 [========================>.....] - ETA: 6s - loss: 0.6945 - acc: 0.5371
198/234 [========================>.....] - ETA: 6s - loss: 0.6945 - acc: 0.5379
199/234 [========================>.....] - ETA: 5s - loss: 0.6944 - acc: 0.5374
200/234 [========================>.....] - ETA: 5s - loss: 0.6943 - acc: 0.5381
201/234 [========================>.....] - ETA: 5s - loss: 0.6943 - acc: 0.5386
202/234 [========================>.....] - ETA: 5s - loss: 0.6944 - acc: 0.5390
203/234 [=========================>....] - ETA: 5s - loss: 0.6942 - acc: 0.5397
204/234 [=========================>....] - ETA: 5s - loss: 0.6941 - acc: 0.5401
205/234 [=========================>....] - ETA: 4s - loss: 0.6942 - acc: 0.5393
206/234 [=========================>....] - ETA: 4s - loss: 0.6942 - acc: 0.5394
207/234 [=========================>....] - ETA: 4s - loss: 0.6941 - acc: 0.5389
208/234 [=========================>....] - ETA: 4s - loss: 0.6939 - acc: 0.5394
209/234 [=========================>....] - ETA: 4s - loss: 0.6938 - acc: 0.5398
210/234 [=========================>....] - ETA: 4s - loss: 0.6936 - acc: 0.5402
211/234 [==========================>...] - ETA: 3s - loss: 0.6942 - acc: 0.5397
212/234 [==========================>...] - ETA: 3s - loss: 0.6943 - acc: 0.5389
213/234 [==========================>...] - ETA: 3s - loss: 0.6943 - acc: 0.5387
214/234 [==========================>...] - ETA: 3s - loss: 0.6943 - acc: 0.5388
215/234 [==========================>...] - ETA: 3s - loss: 0.6942 - acc: 0.5392
216/234 [==========================>...] - ETA: 3s - loss: 0.6942 - acc: 0.5396
217/234 [==========================>...] - ETA: 2s - loss: 0.6940 - acc: 0.5397
218/234 [==========================>...] - ETA: 2s - loss: 0.6937 - acc: 0.5401
219/234 [===========================>..] - ETA: 2s - loss: 0.6940 - acc: 0.5394
220/234 [===========================>..] - ETA: 2s - loss: 0.6939 - acc: 0.5395
221/234 [===========================>..] - ETA: 2s - loss: 0.6938 - acc: 0.5396
222/234 [===========================>..] - ETA: 2s - loss: 0.6939 - acc: 0.5397
223/234 [===========================>..] - ETA: 1s - loss: 0.6939 - acc: 0.5392
224/234 [===========================>..] - ETA: 1s - loss: 0.6938 - acc: 0.5399
225/234 [===========================>..] - ETA: 1s - loss: 0.6939 - acc: 0.5394
226/234 [===========================>..] - ETA: 1s - loss: 0.6938 - acc: 0.5398
227/234 [============================>.] - ETA: 1s - loss: 0.6936 - acc: 0.5396
228/234 [============================>.] - ETA: 1s - loss: 0.6937 - acc: 0.5400
229/234 [============================>.] - ETA: 0s - loss: 0.6936 - acc: 0.5401
230/234 [============================>.] - ETA: 0s - loss: 0.6936 - acc: 0.5410
231/234 [============================>.] - ETA: 0s - loss: 0.6935 - acc: 0.5417
232/234 [============================>.] - ETA: 0s - loss: 0.6933 - acc: 0.5423
233/234 [============================>.] - ETA: 0s - loss: 0.6935 - acc: 0.5424
234/234 [==============================] - 53s 225ms/step - loss: 0.6933 - acc: 0.5433 - val_loss: 0.6600 - val_acc: 0.6162

Epoch 00002: val_acc improved from 0.50641 to 0.61619, saving model to aug.weights.002_0.5433_0.6162.h5
